но€б. 30, 2022 11:07:04 PM lesson2.task2 main
INFO: [3, 11, 14, 16, 7, 8, 15, 16, 2, 8, 0, -1, 99]
но€б. 30, 2022 11:07:04 PM lesson2.task2 main
INFO: [3, 11, 14, 7, 16, 8, 15, 16, 2, 8, 0, -1, 99]
но€б. 30, 2022 11:07:04 PM lesson2.task2 main
INFO: [3, 11, 14, 7, 8, 16, 15, 16, 2, 8, 0, -1, 99]
но€б. 30, 2022 11:07:04 PM lesson2.task2 main
INFO: [3, 11, 14, 7, 8, 15, 16, 16, 2, 8, 0, -1, 99]
но€б. 30, 2022 11:07:04 PM lesson2.task2 main
INFO: [3, 11, 14, 7, 8, 15, 16, 2, 16, 8, 0, -1, 99]
но€б. 30, 2022 11:07:04 PM lesson2.task2 main
INFO: [3, 11, 14, 7, 8, 15, 16, 2, 8, 16, 0, -1, 99]
но€б. 30, 2022 11:07:04 PM lesson2.task2 main
INFO: [3, 11, 14, 7, 8, 15, 16, 2, 8, 0, 16, -1, 99]
но€б. 30, 2022 11:07:04 PM lesson2.task2 main
INFO: [3, 11, 14, 7, 8, 15, 16, 2, 8, 0, -1, 16, 99]
но€б. 30, 2022 11:07:04 PM lesson2.task2 main
INFO: [3, 11, 7, 14, 8, 15, 16, 2, 8, 0, -1, 16, 99]
но€б. 30, 2022 11:07:04 PM lesson2.task2 main
INFO: [3, 11, 7, 8, 14, 15, 16, 2, 8, 0, -1, 16, 99]
но€б. 30, 2022 11:07:04 PM lesson2.task2 main
INFO: [3, 11, 7, 8, 14, 15, 2, 16, 8, 0, -1, 16, 99]
но€б. 30, 2022 11:07:04 PM lesson2.task2 main
INFO: [3, 11, 7, 8, 14, 15, 2, 8, 16, 0, -1, 16, 99]
но€б. 30, 2022 11:07:04 PM lesson2.task2 main
INFO: [3, 11, 7, 8, 14, 15, 2, 8, 0, 16, -1, 16, 99]
но€б. 30, 2022 11:07:04 PM lesson2.task2 main
INFO: [3, 11, 7, 8, 14, 15, 2, 8, 0, -1, 16, 16, 99]
но€б. 30, 2022 11:07:04 PM lesson2.task2 main
INFO: [3, 7, 11, 8, 14, 15, 2, 8, 0, -1, 16, 16, 99]
но€б. 30, 2022 11:07:04 PM lesson2.task2 main
INFO: [3, 7, 8, 11, 14, 15, 2, 8, 0, -1, 16, 16, 99]
но€б. 30, 2022 11:07:04 PM lesson2.task2 main
INFO: [3, 7, 8, 11, 14, 2, 15, 8, 0, -1, 16, 16, 99]
но€б. 30, 2022 11:07:04 PM lesson2.task2 main
INFO: [3, 7, 8, 11, 14, 2, 8, 15, 0, -1, 16, 16, 99]
но€б. 30, 2022 11:07:04 PM lesson2.task2 main
INFO: [3, 7, 8, 11, 14, 2, 8, 0, 15, -1, 16, 16, 99]
но€б. 30, 2022 11:07:04 PM lesson2.task2 main
INFO: [3, 7, 8, 11, 14, 2, 8, 0, -1, 15, 16, 16, 99]
но€б. 30, 2022 11:07:04 PM lesson2.task2 main
INFO: [3, 7, 8, 11, 2, 14, 8, 0, -1, 15, 16, 16, 99]
но€б. 30, 2022 11:07:04 PM lesson2.task2 main
INFO: [3, 7, 8, 11, 2, 8, 14, 0, -1, 15, 16, 16, 99]
но€б. 30, 2022 11:07:04 PM lesson2.task2 main
INFO: [3, 7, 8, 11, 2, 8, 0, 14, -1, 15, 16, 16, 99]
но€б. 30, 2022 11:07:04 PM lesson2.task2 main
INFO: [3, 7, 8, 11, 2, 8, 0, -1, 14, 15, 16, 16, 99]
но€б. 30, 2022 11:07:04 PM lesson2.task2 main
INFO: [3, 7, 8, 2, 11, 8, 0, -1, 14, 15, 16, 16, 99]
но€б. 30, 2022 11:07:04 PM lesson2.task2 main
INFO: [3, 7, 8, 2, 8, 11, 0, -1, 14, 15, 16, 16, 99]
но€б. 30, 2022 11:07:04 PM lesson2.task2 main
INFO: [3, 7, 8, 2, 8, 0, 11, -1, 14, 15, 16, 16, 99]
но€б. 30, 2022 11:07:04 PM lesson2.task2 main
INFO: [3, 7, 8, 2, 8, 0, -1, 11, 14, 15, 16, 16, 99]
но€б. 30, 2022 11:07:04 PM lesson2.task2 main
INFO: [3, 7, 2, 8, 8, 0, -1, 11, 14, 15, 16, 16, 99]
но€б. 30, 2022 11:07:04 PM lesson2.task2 main
INFO: [3, 7, 2, 8, 0, 8, -1, 11, 14, 15, 16, 16, 99]
но€б. 30, 2022 11:07:04 PM lesson2.task2 main
INFO: [3, 7, 2, 8, 0, -1, 8, 11, 14, 15, 16, 16, 99]
но€б. 30, 2022 11:07:04 PM lesson2.task2 main
INFO: [3, 2, 7, 8, 0, -1, 8, 11, 14, 15, 16, 16, 99]
но€б. 30, 2022 11:07:04 PM lesson2.task2 main
INFO: [3, 2, 7, 0, 8, -1, 8, 11, 14, 15, 16, 16, 99]
но€б. 30, 2022 11:07:04 PM lesson2.task2 main
INFO: [3, 2, 7, 0, -1, 8, 8, 11, 14, 15, 16, 16, 99]
но€б. 30, 2022 11:07:04 PM lesson2.task2 main
INFO: [2, 3, 7, 0, -1, 8, 8, 11, 14, 15, 16, 16, 99]
но€б. 30, 2022 11:07:04 PM lesson2.task2 main
INFO: [2, 3, 0, 7, -1, 8, 8, 11, 14, 15, 16, 16, 99]
но€б. 30, 2022 11:07:04 PM lesson2.task2 main
INFO: [2, 3, 0, -1, 7, 8, 8, 11, 14, 15, 16, 16, 99]
но€б. 30, 2022 11:07:04 PM lesson2.task2 main
INFO: [2, 0, 3, -1, 7, 8, 8, 11, 14, 15, 16, 16, 99]
но€б. 30, 2022 11:07:04 PM lesson2.task2 main
INFO: [2, 0, -1, 3, 7, 8, 8, 11, 14, 15, 16, 16, 99]
но€б. 30, 2022 11:07:04 PM lesson2.task2 main
INFO: [0, 2, -1, 3, 7, 8, 8, 11, 14, 15, 16, 16, 99]
но€б. 30, 2022 11:07:04 PM lesson2.task2 main
INFO: [0, -1, 2, 3, 7, 8, 8, 11, 14, 15, 16, 16, 99]
но€б. 30, 2022 11:07:04 PM lesson2.task2 main
INFO: [-1, 0, 2, 3, 7, 8, 8, 11, 14, 15, 16, 16, 99]
